<?xml version="1.0" encoding="UTF-8"?>
<testsuites>
  <testsuite id="0" name="/Users/ayoemiloju/Documents/ayoreact/movie/sum.test.js" errors="0" package="/Users/ayoemiloju/Documents/ayoreact/movie/sum.test.js" hostname="localhost" tests="1" failures="0" time="0.415" timestamp="2018-06-29T19:08:45">
    <properties>
    </properties>
    <testcase classname="adds 1 + 2 to equal 3" name="adds 1 + 2 to equal 3" time="0">
    </testcase>
    <system-out/>
    <system-err/>
  </testsuite>
</testsuites>